C:\USERS\SAMANTHA\DOCUMENTS\GITHUB\PROJECT2-STREAMCOMPACTION\PROJECT2\DEBUG\SAMANTHA COHEN-PROJECT-1-2.EXE
C:\USERS\SAMANTHA\DOCUMENTS\GITHUB\PROJECT2-STREAMCOMPACTION\PROJECT2\DEBUG\SAMANTHA COHEN-PROJECT-1-2.ILK
C:\USERS\SAMANTHA\DOCUMENTS\GITHUB\PROJECT2-STREAMCOMPACTION\PROJECT2\DEBUG\SAMANTHA COHEN-PROJECT-1-2.PDB
C:\Users\Samantha\Documents\GitHub\Project2-StreamCompaction\Project2\Samantha Cohen-Project-1-2\Debug\cl.command.1.tlog
C:\Users\Samantha\Documents\GitHub\Project2-StreamCompaction\Project2\Samantha Cohen-Project-1-2\Debug\CL.read.1.tlog
C:\Users\Samantha\Documents\GitHub\Project2-StreamCompaction\Project2\Samantha Cohen-Project-1-2\Debug\CL.write.1.tlog
C:\USERS\SAMANTHA\DOCUMENTS\GITHUB\PROJECT2-STREAMCOMPACTION\PROJECT2\SAMANTHA COHEN-PROJECT-1-2\DEBUG\CPU_STREAM_COMPACTION.OBJ
C:\Users\Samantha\Documents\GitHub\Project2-StreamCompaction\Project2\Samantha Cohen-Project-1-2\Debug\link.command.1.tlog
C:\Users\Samantha\Documents\GitHub\Project2-StreamCompaction\Project2\Samantha Cohen-Project-1-2\Debug\link.read.1.tlog
C:\Users\Samantha\Documents\GitHub\Project2-StreamCompaction\Project2\Samantha Cohen-Project-1-2\Debug\link.write.1.tlog
C:\USERS\SAMANTHA\DOCUMENTS\GITHUB\PROJECT2-STREAMCOMPACTION\PROJECT2\SAMANTHA COHEN-PROJECT-1-2\DEBUG\MAIN.OBJ
C:\Users\Samantha\Documents\GitHub\Project2-StreamCompaction\Project2\Samantha Cohen-Project-1-2\Debug\mt.command.1.tlog
C:\Users\Samantha\Documents\GitHub\Project2-StreamCompaction\Project2\Samantha Cohen-Project-1-2\Debug\mt.read.1.tlog
C:\Users\Samantha\Documents\GitHub\Project2-StreamCompaction\Project2\Samantha Cohen-Project-1-2\Debug\mt.write.1.tlog
C:\USERS\SAMANTHA\DOCUMENTS\GITHUB\PROJECT2-STREAMCOMPACTION\PROJECT2\SAMANTHA COHEN-PROJECT-1-2\DEBUG\SAMANTHA COHEN-PROJECT-1-2.EXE.INTERMEDIATE.MANIFEST
C:\Users\Samantha\Documents\GitHub\Project2-StreamCompaction\Project2\Samantha Cohen-Project-1-2\Debug\Samantha Cohen-Project-1-2.write.1.tlog
C:\Users\Samantha\Documents\GitHub\Project2-StreamCompaction\Project2\Samantha Cohen-Project-1-2\Debug\stream_compaction.cu.cache
C:\Users\Samantha\Documents\GitHub\Project2-StreamCompaction\Project2\Samantha Cohen-Project-1-2\Debug\stream_compaction.cu.obj
C:\Users\Samantha\Documents\GitHub\Project2-StreamCompaction\Project2\Samantha Cohen-Project-1-2\Debug\vc100.idb
C:\USERS\SAMANTHA\DOCUMENTS\GITHUB\PROJECT2-STREAMCOMPACTION\PROJECT2\SAMANTHA COHEN-PROJECT-1-2\DEBUG\VC100.PDB
