Build started 9/17/2014 5:38:17 PM.
     1>Project "C:\Users\Samantha\Documents\GitHub\Project-1\Samantha Cohen-Project-1-2\Samantha Cohen-Project-1-2\Samantha Cohen-Project-1-2.vcxproj" on node 2 (build target(s)).
     1>PrepareForBuild:
         Creating directory "C:\Users\Samantha\Documents\GitHub\Project-1\Samantha Cohen-Project-1-2\Release\".
       InitializeBuildStatus:
         Creating "Release\Samantha Cohen-Project-1-2.unsuccessfulbuild" because "AlwaysCreate" was specified.
       AddCudaCompileDeps:
         C:\Program Files (x86)\Microsoft Visual Studio 10.0\VC\bin\cl.exe /E /nologo /showIncludes /TP /D__CUDACC__ /D_MBCS /I"C:\Program Files\NVIDIA GPU Computing Toolkit\CUDA\v6.5\include" /I"C:\Program Files\NVIDIA GPU Computing Toolkit\CUDA\v6.5\bin" /I"C:\Program Files\NVIDIA GPU Computing Toolkit\CUDA\v6.5\include" /I. /FIcuda_runtime.h /c "C:\Users\Samantha\Documents\GitHub\Project-1\Samantha Cohen-Project-1-2\Samantha Cohen-Project-1-2\matrix_math.cu" 
       CudaBuild:
         Compiling CUDA source file matrix_math.cu...
         cmd.exe /C "C:\Users\Samantha\AppData\Local\Temp\tmpa09cfa1dcf1f4c47b252dde2bf50cd92.cmd"
         "C:\Program Files\NVIDIA GPU Computing Toolkit\CUDA\v6.5\bin\nvcc.exe" -gencode=arch=compute_20,code=\"sm_20,compute_20\" --use-local-env --cl-version 2010 -ccbin "C:\Program Files (x86)\Microsoft Visual Studio 10.0\VC\bin"  -I"C:\Program Files\NVIDIA GPU Computing Toolkit\CUDA\v6.5\include" -I"C:\Program Files\NVIDIA GPU Computing Toolkit\CUDA\v6.5\include"     --keep-dir Release -maxrregcount=0  --machine 32 --compile -cudart static     -D_MBCS -Xcompiler "/EHsc /W3 /nologo /O2 /Zi  /MD  " -o Release\matrix_math.cu.obj "C:\Users\Samantha\Documents\GitHub\Project-1\Samantha Cohen-Project-1-2\Samantha Cohen-Project-1-2\matrix_math.cu"
         
         C:\Users\Samantha\Documents\GitHub\Project-1\Samantha Cohen-Project-1-2\Samantha Cohen-Project-1-2>"C:\Program Files\NVIDIA GPU Computing Toolkit\CUDA\v6.5\bin\nvcc.exe" -gencode=arch=compute_20,code=\"sm_20,compute_20\" --use-local-env --cl-version 2010 -ccbin "C:\Program Files (x86)\Microsoft Visual Studio 10.0\VC\bin"  -I"C:\Program Files\NVIDIA GPU Computing Toolkit\CUDA\v6.5\include" -I"C:\Program Files\NVIDIA GPU Computing Toolkit\CUDA\v6.5\include"     --keep-dir Release -maxrregcount=0  --machine 32 --compile -cudart static     -D_MBCS -Xcompiler "/EHsc /W3 /nologo /O2 /Zi  /MD  " -o Release\matrix_math.cu.obj "C:\Users\Samantha\Documents\GitHub\Project-1\Samantha Cohen-Project-1-2\Samantha Cohen-Project-1-2\matrix_math.cu" 
         matrix_math.cu
       Link:
         C:\Program Files (x86)\Microsoft Visual Studio 10.0\VC\bin\link.exe /ERRORREPORT:PROMPT /OUT:"C:\Users\Samantha\Documents\GitHub\Project-1\Samantha Cohen-Project-1-2\Release\Samantha Cohen-Project-1-2.exe" /NOLOGO /LIBPATH:"C:\Program Files\NVIDIA GPU Computing Toolkit\CUDA\v6.5\lib\Win32" kernel32.lib user32.lib gdi32.lib winspool.lib comdlg32.lib advapi32.lib shell32.lib ole32.lib oleaut32.lib uuid.lib odbc32.lib odbccp32.lib /MANIFEST /ManifestFile:"Release\Samantha Cohen-Project-1-2.exe.intermediate.manifest" /MANIFESTUAC:"level='asInvoker' uiAccess='false'" /DEBUG /PDB:"C:\Users\Samantha\Documents\GitHub\Project-1\Samantha Cohen-Project-1-2\Release\Samantha Cohen-Project-1-2.pdb" /OPT:REF /OPT:ICF /LTCG /TLBID:1 /DYNAMICBASE /NXCOMPAT /IMPLIB:"C:\Users\Samantha\Documents\GitHub\Project-1\Samantha Cohen-Project-1-2\Release\Samantha Cohen-Project-1-2.lib" /MACHINE:X86 Release\matrix_math.cu.obj
     1>matrix_math.cu.obj : error LNK2001: unresolved external symbol ___cudaUnregisterFatBinary@4
     1>matrix_math.cu.obj : error LNK2001: unresolved external symbol ___cudaRegisterFatBinary@4
     1>C:\Users\Samantha\Documents\GitHub\Project-1\Samantha Cohen-Project-1-2\Release\Samantha Cohen-Project-1-2.exe : fatal error LNK1120: 2 unresolved externals
     1>Done Building Project "C:\Users\Samantha\Documents\GitHub\Project-1\Samantha Cohen-Project-1-2\Samantha Cohen-Project-1-2\Samantha Cohen-Project-1-2.vcxproj" (build target(s)) -- FAILED.

Build FAILED.

Time Elapsed 00:00:03.50
